<?xml version="1.0" encoding="UTF-8"?>
<!-- Generated by org.testng.reporters.JUnitXMLReporter -->
<testsuite hostname="Compaq510" ignored="0" name="Test" tests="2" failures="0" timestamp="2021-06-04T16:41:33 IST" time="21.14" errors="0">
  <testcase name="@BeforeClass setup" time="10.495" classname="com.inetBanking.Testcases.BaseClass">
    <failure type="org.openqa.selenium.SessionNotCreatedException" message="session not created: This version of ChromeDriver only supports Chrome version 89
Current browser version is 91.0.4472.77 with binary path C:\Program Files\Google\Chrome\Application\chrome.exe
Build info: version: &amp;apos;3.141.59&amp;apos;, revision: &amp;apos;e82be7d358&amp;apos;, time: &amp;apos;2018-11-14T08:17:03&amp;apos;
System info: host: &amp;apos;COMPAQ510&amp;apos;, ip: &amp;apos;192.168.43.134&amp;apos;, os.name: &amp;apos;Windows 7&amp;apos;, os.arch: &amp;apos;x86&amp;apos;, os.version: &amp;apos;6.1&amp;apos;, java.version: &amp;apos;1.8.0_211&amp;apos;
Driver info: driver.version: ChromeDriver
remote stacktrace: Backtrace:
	Ordinal0 [0x0097E7D3+124883]
	Ordinal0 [0x0097E7B1+124849]
	GetHandleVerifier [0x00BC8688+193832]
	GetHandleVerifier [0x00BE3AC5+305509]
	GetHandleVerifier [0x00BE021B+291003]
	GetHandleVerifier [0x00BDE0AC+282444]
	GetHandleVerifier [0x00C04A90+440624]
	GetHandleVerifier [0x00C047FC+439964]
	GetHandleVerifier [0x00C0154B+426987]
	GetHandleVerifier [0x00BE4FFD+310941]
	GetHandleVerifier [0x00BE5D8E+314414]
	GetHandleVerifier [0x00BE5D19+314297]
	GetHandleVerifier [0x00CA31EC+1089676]
	GetHandleVerifier [0x00CA17C9+1082985]
	GetHandleVerifier [0x00CA13A3+1081923]
	GetHandleVerifier [0x00D9D9FD+2115741]
	Ordinal0 [0x00ACB82E+1488942]
	Ordinal0 [0x00A65A7D+1071741]
	Ordinal0 [0x00A6559B+1070491]
	Ordinal0 [0x00A654B1+1070257]
	Ordinal0 [0x00A9FF53+1310547]
	BaseThreadInitThunk [0x769D1174+18]
	RtlInitializeExceptionChain [0x777BB3F5+99]
	RtlInitializeExceptionChain [0x777BB3C8+54]
">
      <![CDATA[org.openqa.selenium.SessionNotCreatedException: session not created: This version of ChromeDriver only supports Chrome version 89
Current browser version is 91.0.4472.77 with binary path C:\Program Files\Google\Chrome\Application\chrome.exe
Build info: version: '3.141.59', revision: 'e82be7d358', time: '2018-11-14T08:17:03'
System info: host: 'COMPAQ510', ip: '192.168.43.134', os.name: 'Windows 7', os.arch: 'x86', os.version: '6.1', java.version: '1.8.0_211'
Driver info: driver.version: ChromeDriver
remote stacktrace: Backtrace:
Ordinal0 [0x0097E7D3+124883]
Ordinal0 [0x0097E7B1+124849]
GetHandleVerifier [0x00BC8688+193832]
GetHandleVerifier [0x00BE3AC5+305509]
GetHandleVerifier [0x00BE021B+291003]
GetHandleVerifier [0x00BDE0AC+282444]
GetHandleVerifier [0x00C04A90+440624]
GetHandleVerifier [0x00C047FC+439964]
GetHandleVerifier [0x00C0154B+426987]
GetHandleVerifier [0x00BE4FFD+310941]
GetHandleVerifier [0x00BE5D8E+314414]
GetHandleVerifier [0x00BE5D19+314297]
GetHandleVerifier [0x00CA31EC+1089676]
GetHandleVerifier [0x00CA17C9+1082985]
GetHandleVerifier [0x00CA13A3+1081923]
GetHandleVerifier [0x00D9D9FD+2115741]
Ordinal0 [0x00ACB82E+1488942]
Ordinal0 [0x00A65A7D+1071741]
Ordinal0 [0x00A6559B+1070491]
Ordinal0 [0x00A654B1+1070257]
Ordinal0 [0x00A9FF53+1310547]
BaseThreadInitThunk [0x769D1174+18]
RtlInitializeExceptionChain [0x777BB3F5+99]
RtlInitializeExceptionChain [0x777BB3C8+54]

at org.openqa.selenium.remote.W3CHandshakeResponse.lambda$errorHandler$0(W3CHandshakeResponse.java:62)
at org.openqa.selenium.remote.HandshakeResponse.lambda$getResponseFunction$0(HandshakeResponse.java:30)
at org.openqa.selenium.remote.ProtocolHandshake.lambda$createSession$0(ProtocolHandshake.java:126)
at java.util.stream.ReferencePipeline$3$1.accept(ReferencePipeline.java:193)
at java.util.Spliterators$ArraySpliterator.tryAdvance(Spliterators.java:958)
at java.util.stream.ReferencePipeline.forEachWithCancel(ReferencePipeline.java:126)
at java.util.stream.AbstractPipeline.copyIntoWithCancel(AbstractPipeline.java:498)
at java.util.stream.AbstractPipeline.copyInto(AbstractPipeline.java:485)
at java.util.stream.AbstractPipeline.wrapAndCopyInto(AbstractPipeline.java:471)
at java.util.stream.FindOps$FindOp.evaluateSequential(FindOps.java:152)
at java.util.stream.AbstractPipeline.evaluate(AbstractPipeline.java:234)
at java.util.stream.ReferencePipeline.findFirst(ReferencePipeline.java:464)
at org.openqa.selenium.remote.ProtocolHandshake.createSession(ProtocolHandshake.java:128)
at org.openqa.selenium.remote.ProtocolHandshake.createSession(ProtocolHandshake.java:74)
at org.openqa.selenium.remote.HttpCommandExecutor.execute(HttpCommandExecutor.java:136)
at org.openqa.selenium.remote.service.DriverCommandExecutor.execute(DriverCommandExecutor.java:83)
at org.openqa.selenium.remote.RemoteWebDriver.execute(RemoteWebDriver.java:552)
at org.openqa.selenium.remote.RemoteWebDriver.startSession(RemoteWebDriver.java:213)
at org.openqa.selenium.remote.RemoteWebDriver.<init>(RemoteWebDriver.java:131)
at org.openqa.selenium.chrome.ChromeDriver.<init>(ChromeDriver.java:181)
at org.openqa.selenium.chrome.ChromeDriver.<init>(ChromeDriver.java:168)
at org.openqa.selenium.chrome.ChromeDriver.<init>(ChromeDriver.java:123)
at com.inetBanking.Testcases.BaseClass.setup(BaseClass.java:49)
at java.util.ArrayList.forEach(ArrayList.java:1257)
... Removed 29 stack frames]]>
    </failure>
  </testcase> <!-- @BeforeClass setup -->
  <testcase name="@AfterClass teardown" time="-1.622805083927E9" classname="com.inetBanking.Testcases.BaseClass">
    <skipped/>
  </testcase> <!-- @AfterClass teardown -->
  <testcase name="@BeforeClass setup" time="9.88" classname="com.inetBanking.Testcases.BaseClass">
    <failure type="org.openqa.selenium.SessionNotCreatedException" message="session not created: This version of ChromeDriver only supports Chrome version 89
Current browser version is 91.0.4472.77 with binary path C:\Program Files\Google\Chrome\Application\chrome.exe
Build info: version: &amp;apos;3.141.59&amp;apos;, revision: &amp;apos;e82be7d358&amp;apos;, time: &amp;apos;2018-11-14T08:17:03&amp;apos;
System info: host: &amp;apos;COMPAQ510&amp;apos;, ip: &amp;apos;192.168.43.134&amp;apos;, os.name: &amp;apos;Windows 7&amp;apos;, os.arch: &amp;apos;x86&amp;apos;, os.version: &amp;apos;6.1&amp;apos;, java.version: &amp;apos;1.8.0_211&amp;apos;
Driver info: driver.version: ChromeDriver
remote stacktrace: Backtrace:
	Ordinal0 [0x0097E7D3+124883]
	Ordinal0 [0x0097E7B1+124849]
	GetHandleVerifier [0x00BC8688+193832]
	GetHandleVerifier [0x00BE3AC5+305509]
	GetHandleVerifier [0x00BE021B+291003]
	GetHandleVerifier [0x00BDE0AC+282444]
	GetHandleVerifier [0x00C04A90+440624]
	GetHandleVerifier [0x00C047FC+439964]
	GetHandleVerifier [0x00C0154B+426987]
	GetHandleVerifier [0x00BE4FFD+310941]
	GetHandleVerifier [0x00BE5D8E+314414]
	GetHandleVerifier [0x00BE5D19+314297]
	GetHandleVerifier [0x00CA31EC+1089676]
	GetHandleVerifier [0x00CA17C9+1082985]
	GetHandleVerifier [0x00CA13A3+1081923]
	GetHandleVerifier [0x00D9D9FD+2115741]
	Ordinal0 [0x00ACB82E+1488942]
	Ordinal0 [0x00A65A7D+1071741]
	Ordinal0 [0x00A6559B+1070491]
	Ordinal0 [0x00A654B1+1070257]
	Ordinal0 [0x00A9FF53+1310547]
	BaseThreadInitThunk [0x769D1174+18]
	RtlInitializeExceptionChain [0x777BB3F5+99]
	RtlInitializeExceptionChain [0x777BB3C8+54]
">
      <![CDATA[org.openqa.selenium.SessionNotCreatedException: session not created: This version of ChromeDriver only supports Chrome version 89
Current browser version is 91.0.4472.77 with binary path C:\Program Files\Google\Chrome\Application\chrome.exe
Build info: version: '3.141.59', revision: 'e82be7d358', time: '2018-11-14T08:17:03'
System info: host: 'COMPAQ510', ip: '192.168.43.134', os.name: 'Windows 7', os.arch: 'x86', os.version: '6.1', java.version: '1.8.0_211'
Driver info: driver.version: ChromeDriver
remote stacktrace: Backtrace:
Ordinal0 [0x0097E7D3+124883]
Ordinal0 [0x0097E7B1+124849]
GetHandleVerifier [0x00BC8688+193832]
GetHandleVerifier [0x00BE3AC5+305509]
GetHandleVerifier [0x00BE021B+291003]
GetHandleVerifier [0x00BDE0AC+282444]
GetHandleVerifier [0x00C04A90+440624]
GetHandleVerifier [0x00C047FC+439964]
GetHandleVerifier [0x00C0154B+426987]
GetHandleVerifier [0x00BE4FFD+310941]
GetHandleVerifier [0x00BE5D8E+314414]
GetHandleVerifier [0x00BE5D19+314297]
GetHandleVerifier [0x00CA31EC+1089676]
GetHandleVerifier [0x00CA17C9+1082985]
GetHandleVerifier [0x00CA13A3+1081923]
GetHandleVerifier [0x00D9D9FD+2115741]
Ordinal0 [0x00ACB82E+1488942]
Ordinal0 [0x00A65A7D+1071741]
Ordinal0 [0x00A6559B+1070491]
Ordinal0 [0x00A654B1+1070257]
Ordinal0 [0x00A9FF53+1310547]
BaseThreadInitThunk [0x769D1174+18]
RtlInitializeExceptionChain [0x777BB3F5+99]
RtlInitializeExceptionChain [0x777BB3C8+54]

at org.openqa.selenium.remote.W3CHandshakeResponse.lambda$errorHandler$0(W3CHandshakeResponse.java:62)
at org.openqa.selenium.remote.HandshakeResponse.lambda$getResponseFunction$0(HandshakeResponse.java:30)
at org.openqa.selenium.remote.ProtocolHandshake.lambda$createSession$0(ProtocolHandshake.java:126)
at java.util.stream.ReferencePipeline$3$1.accept(ReferencePipeline.java:193)
at java.util.Spliterators$ArraySpliterator.tryAdvance(Spliterators.java:958)
at java.util.stream.ReferencePipeline.forEachWithCancel(ReferencePipeline.java:126)
at java.util.stream.AbstractPipeline.copyIntoWithCancel(AbstractPipeline.java:498)
at java.util.stream.AbstractPipeline.copyInto(AbstractPipeline.java:485)
at java.util.stream.AbstractPipeline.wrapAndCopyInto(AbstractPipeline.java:471)
at java.util.stream.FindOps$FindOp.evaluateSequential(FindOps.java:152)
at java.util.stream.AbstractPipeline.evaluate(AbstractPipeline.java:234)
at java.util.stream.ReferencePipeline.findFirst(ReferencePipeline.java:464)
at org.openqa.selenium.remote.ProtocolHandshake.createSession(ProtocolHandshake.java:128)
at org.openqa.selenium.remote.ProtocolHandshake.createSession(ProtocolHandshake.java:74)
at org.openqa.selenium.remote.HttpCommandExecutor.execute(HttpCommandExecutor.java:136)
at org.openqa.selenium.remote.service.DriverCommandExecutor.execute(DriverCommandExecutor.java:83)
at org.openqa.selenium.remote.RemoteWebDriver.execute(RemoteWebDriver.java:552)
at org.openqa.selenium.remote.RemoteWebDriver.startSession(RemoteWebDriver.java:213)
at org.openqa.selenium.remote.RemoteWebDriver.<init>(RemoteWebDriver.java:131)
at org.openqa.selenium.chrome.ChromeDriver.<init>(ChromeDriver.java:181)
at org.openqa.selenium.chrome.ChromeDriver.<init>(ChromeDriver.java:168)
at org.openqa.selenium.chrome.ChromeDriver.<init>(ChromeDriver.java:123)
at com.inetBanking.Testcases.BaseClass.setup(BaseClass.java:49)
at java.util.ArrayList.forEach(ArrayList.java:1257)
... Removed 29 stack frames]]>
    </failure>
  </testcase> <!-- @BeforeClass setup -->
  <testcase name="@AfterClass teardown" time="-1.622805093823E9" classname="com.inetBanking.Testcases.BaseClass">
    <skipped/>
  </testcase> <!-- @AfterClass teardown -->
  <testcase name="loginTest" time="0.0" classname="com.inetBanking.Testcases.TC001_LoginTest">
    <skipped/>
  </testcase> <!-- loginTest -->
  <testcase name="addNewCustomer" time="0.0" classname="com.inetBanking.Testcases.TC003_AddCustomer">
    <skipped/>
  </testcase> <!-- addNewCustomer -->
</testsuite> <!-- Test -->
