<!DOCTYPE html PUBLIC "-//W3C//DTD XHTML 1.1//EN" "https://www.w3.org/TR/xhtml11/DTD/xhtml11.dtd">
<html xmlns="https://www.w3.org/1999/xhtml">
<head>
<meta http-equiv="content-type" content="text/html; charset=UTF-8"/>
<title>TestNG Report</title>
<style type="text/css">table {margin-bottom:10px;border-collapse:collapse;empty-cells:show}th,td {border:1px solid #009;padding:.25em .5em}th {vertical-align:bottom}td {vertical-align:top}table a {font-weight:bold}.stripe td {background-color: #E6EBF9}.num {text-align:right}.passedodd td {background-color: #3F3}.passedeven td {background-color: #0A0}.skippedodd td {background-color: #DDD}.skippedeven td {background-color: #CCC}.failedodd td,.attn {background-color: #F33}.failedeven td,.stripe .attn {background-color: #D00}.stacktrace {white-space:pre;font-family:monospace}.totop {font-size:85%;text-align:center;border-bottom:2px solid #000}.invisible {display:none}</style>
</head>
<body>
<table>
<tr><th>Test</th><th># Passed</th><th># Skipped</th><th># Retried</th><th># Failed</th><th>Time (ms)</th><th>Included Groups</th><th>Excluded Groups</th></tr>
<tr><th colspan="8">Suite</th></tr>
<tr><td><a href="#t0">Test</a></td><td class="num">0</td><td class="num attn">2</td><td class="num">0</td><td class="num">0</td><td class="num">21,140</td><td></td><td></td></tr>
</table>
<table id='summary'><thead><tr><th>Class</th><th>Method</th><th>Start</th><th>Time (ms)</th></tr></thead><tbody><tr><th colspan="4">Suite</th></tr></tbody><tbody id="t0"><tr><th colspan="4">Test &#8212; failed (configuration methods)</th></tr><tr class="failedeven"><td rowspan="1">com.inetBanking.Testcases.TC001_LoginTest</td><td><a href="#m0">setup</a></td><td rowspan="1">1622805073291</td><td rowspan="1">10495</td></tr><tr class="failedodd"><td rowspan="1">com.inetBanking.Testcases.TC003_AddCustomer</td><td><a href="#m1">setup</a></td><td rowspan="1">1622805083927</td><td rowspan="1">9880</td></tr><tr><th colspan="4">Test &#8212; skipped (configuration methods)</th></tr><tr class="skippedeven"><td rowspan="1">com.inetBanking.Testcases.TC001_LoginTest</td><td><a href="#m2">teardown</a></td><td rowspan="1">1622805083927</td><td rowspan="1">-1622805083927</td></tr><tr class="skippedodd"><td rowspan="1">com.inetBanking.Testcases.TC003_AddCustomer</td><td><a href="#m3">teardown</a></td><td rowspan="1">1622805093823</td><td rowspan="1">-1622805093823</td></tr><tr><th colspan="4">Test &#8212; skipped</th></tr><tr class="skippedeven"><td rowspan="1">com.inetBanking.Testcases.TC001_LoginTest</td><td><a href="#m4">loginTest</a></td><td rowspan="1">1622805083895</td><td rowspan="1">0</td></tr><tr class="skippedodd"><td rowspan="1">com.inetBanking.Testcases.TC003_AddCustomer</td><td><a href="#m5">addNewCustomer</a></td><td rowspan="1">1622805093823</td><td rowspan="1">0</td></tr></tbody>
</table>
<h2>Test</h2><h3 id="m0">com.inetBanking.Testcases.TC001_LoginTest#setup</h3><table class="result"><tr class="param"><th>Parameter #1</th></tr><tr class="param stripe"><td>chrome</td></tr><tr><th>Exception</th></tr><tr><td><div class="stacktrace">org.openqa.selenium.SessionNotCreatedException: session not created: This version of ChromeDriver only supports Chrome version 89
Current browser version is 91.0.4472.77 with binary path C:\Program Files\Google\Chrome\Application\chrome.exe
Build info: version: &apos;3.141.59&apos;, revision: &apos;e82be7d358&apos;, time: &apos;2018-11-14T08:17:03&apos;
System info: host: &apos;COMPAQ510&apos;, ip: &apos;192.168.43.134&apos;, os.name: &apos;Windows 7&apos;, os.arch: &apos;x86&apos;, os.version: &apos;6.1&apos;, java.version: &apos;1.8.0_211&apos;
Driver info: driver.version: ChromeDriver
remote stacktrace: Backtrace:
	Ordinal0 [0x0097E7D3+124883]
	Ordinal0 [0x0097E7B1+124849]
	GetHandleVerifier [0x00BC8688+193832]
	GetHandleVerifier [0x00BE3AC5+305509]
	GetHandleVerifier [0x00BE021B+291003]
	GetHandleVerifier [0x00BDE0AC+282444]
	GetHandleVerifier [0x00C04A90+440624]
	GetHandleVerifier [0x00C047FC+439964]
	GetHandleVerifier [0x00C0154B+426987]
	GetHandleVerifier [0x00BE4FFD+310941]
	GetHandleVerifier [0x00BE5D8E+314414]
	GetHandleVerifier [0x00BE5D19+314297]
	GetHandleVerifier [0x00CA31EC+1089676]
	GetHandleVerifier [0x00CA17C9+1082985]
	GetHandleVerifier [0x00CA13A3+1081923]
	GetHandleVerifier [0x00D9D9FD+2115741]
	Ordinal0 [0x00ACB82E+1488942]
	Ordinal0 [0x00A65A7D+1071741]
	Ordinal0 [0x00A6559B+1070491]
	Ordinal0 [0x00A654B1+1070257]
	Ordinal0 [0x00A9FF53+1310547]
	BaseThreadInitThunk [0x769D1174+18]
	RtlInitializeExceptionChain [0x777BB3F5+99]
	RtlInitializeExceptionChain [0x777BB3C8+54]

	at org.openqa.selenium.remote.W3CHandshakeResponse.lambda$errorHandler$0(W3CHandshakeResponse.java:62)
	at org.openqa.selenium.remote.HandshakeResponse.lambda$getResponseFunction$0(HandshakeResponse.java:30)
	at org.openqa.selenium.remote.ProtocolHandshake.lambda$createSession$0(ProtocolHandshake.java:126)
	at java.util.stream.ReferencePipeline$3$1.accept(ReferencePipeline.java:193)
	at java.util.Spliterators$ArraySpliterator.tryAdvance(Spliterators.java:958)
	at java.util.stream.ReferencePipeline.forEachWithCancel(ReferencePipeline.java:126)
	at java.util.stream.AbstractPipeline.copyIntoWithCancel(AbstractPipeline.java:498)
	at java.util.stream.AbstractPipeline.copyInto(AbstractPipeline.java:485)
	at java.util.stream.AbstractPipeline.wrapAndCopyInto(AbstractPipeline.java:471)
	at java.util.stream.FindOps$FindOp.evaluateSequential(FindOps.java:152)
	at java.util.stream.AbstractPipeline.evaluate(AbstractPipeline.java:234)
	at java.util.stream.ReferencePipeline.findFirst(ReferencePipeline.java:464)
	at org.openqa.selenium.remote.ProtocolHandshake.createSession(ProtocolHandshake.java:128)
	at org.openqa.selenium.remote.ProtocolHandshake.createSession(ProtocolHandshake.java:74)
	at org.openqa.selenium.remote.HttpCommandExecutor.execute(HttpCommandExecutor.java:136)
	at org.openqa.selenium.remote.service.DriverCommandExecutor.execute(DriverCommandExecutor.java:83)
	at org.openqa.selenium.remote.RemoteWebDriver.execute(RemoteWebDriver.java:552)
	at org.openqa.selenium.remote.RemoteWebDriver.startSession(RemoteWebDriver.java:213)
	at org.openqa.selenium.remote.RemoteWebDriver.&lt;init&gt;(RemoteWebDriver.java:131)
	at org.openqa.selenium.chrome.ChromeDriver.&lt;init&gt;(ChromeDriver.java:181)
	at org.openqa.selenium.chrome.ChromeDriver.&lt;init&gt;(ChromeDriver.java:168)
	at org.openqa.selenium.chrome.ChromeDriver.&lt;init&gt;(ChromeDriver.java:123)
	at com.inetBanking.Testcases.BaseClass.setup(BaseClass.java:49)
	at java.util.ArrayList.forEach(ArrayList.java:1257)
... Removed 29 stack frames</div></td></tr></table><p class="totop"><a href="#summary">back to summary</a></p>
<h3 id="m1">com.inetBanking.Testcases.TC003_AddCustomer#setup</h3><table class="result"><tr class="param"><th>Parameter #1</th></tr><tr class="param stripe"><td>chrome</td></tr><tr><th>Exception</th></tr><tr><td><div class="stacktrace">org.openqa.selenium.SessionNotCreatedException: session not created: This version of ChromeDriver only supports Chrome version 89
Current browser version is 91.0.4472.77 with binary path C:\Program Files\Google\Chrome\Application\chrome.exe
Build info: version: &apos;3.141.59&apos;, revision: &apos;e82be7d358&apos;, time: &apos;2018-11-14T08:17:03&apos;
System info: host: &apos;COMPAQ510&apos;, ip: &apos;192.168.43.134&apos;, os.name: &apos;Windows 7&apos;, os.arch: &apos;x86&apos;, os.version: &apos;6.1&apos;, java.version: &apos;1.8.0_211&apos;
Driver info: driver.version: ChromeDriver
remote stacktrace: Backtrace:
	Ordinal0 [0x0097E7D3+124883]
	Ordinal0 [0x0097E7B1+124849]
	GetHandleVerifier [0x00BC8688+193832]
	GetHandleVerifier [0x00BE3AC5+305509]
	GetHandleVerifier [0x00BE021B+291003]
	GetHandleVerifier [0x00BDE0AC+282444]
	GetHandleVerifier [0x00C04A90+440624]
	GetHandleVerifier [0x00C047FC+439964]
	GetHandleVerifier [0x00C0154B+426987]
	GetHandleVerifier [0x00BE4FFD+310941]
	GetHandleVerifier [0x00BE5D8E+314414]
	GetHandleVerifier [0x00BE5D19+314297]
	GetHandleVerifier [0x00CA31EC+1089676]
	GetHandleVerifier [0x00CA17C9+1082985]
	GetHandleVerifier [0x00CA13A3+1081923]
	GetHandleVerifier [0x00D9D9FD+2115741]
	Ordinal0 [0x00ACB82E+1488942]
	Ordinal0 [0x00A65A7D+1071741]
	Ordinal0 [0x00A6559B+1070491]
	Ordinal0 [0x00A654B1+1070257]
	Ordinal0 [0x00A9FF53+1310547]
	BaseThreadInitThunk [0x769D1174+18]
	RtlInitializeExceptionChain [0x777BB3F5+99]
	RtlInitializeExceptionChain [0x777BB3C8+54]

	at org.openqa.selenium.remote.W3CHandshakeResponse.lambda$errorHandler$0(W3CHandshakeResponse.java:62)
	at org.openqa.selenium.remote.HandshakeResponse.lambda$getResponseFunction$0(HandshakeResponse.java:30)
	at org.openqa.selenium.remote.ProtocolHandshake.lambda$createSession$0(ProtocolHandshake.java:126)
	at java.util.stream.ReferencePipeline$3$1.accept(ReferencePipeline.java:193)
	at java.util.Spliterators$ArraySpliterator.tryAdvance(Spliterators.java:958)
	at java.util.stream.ReferencePipeline.forEachWithCancel(ReferencePipeline.java:126)
	at java.util.stream.AbstractPipeline.copyIntoWithCancel(AbstractPipeline.java:498)
	at java.util.stream.AbstractPipeline.copyInto(AbstractPipeline.java:485)
	at java.util.stream.AbstractPipeline.wrapAndCopyInto(AbstractPipeline.java:471)
	at java.util.stream.FindOps$FindOp.evaluateSequential(FindOps.java:152)
	at java.util.stream.AbstractPipeline.evaluate(AbstractPipeline.java:234)
	at java.util.stream.ReferencePipeline.findFirst(ReferencePipeline.java:464)
	at org.openqa.selenium.remote.ProtocolHandshake.createSession(ProtocolHandshake.java:128)
	at org.openqa.selenium.remote.ProtocolHandshake.createSession(ProtocolHandshake.java:74)
	at org.openqa.selenium.remote.HttpCommandExecutor.execute(HttpCommandExecutor.java:136)
	at org.openqa.selenium.remote.service.DriverCommandExecutor.execute(DriverCommandExecutor.java:83)
	at org.openqa.selenium.remote.RemoteWebDriver.execute(RemoteWebDriver.java:552)
	at org.openqa.selenium.remote.RemoteWebDriver.startSession(RemoteWebDriver.java:213)
	at org.openqa.selenium.remote.RemoteWebDriver.&lt;init&gt;(RemoteWebDriver.java:131)
	at org.openqa.selenium.chrome.ChromeDriver.&lt;init&gt;(ChromeDriver.java:181)
	at org.openqa.selenium.chrome.ChromeDriver.&lt;init&gt;(ChromeDriver.java:168)
	at org.openqa.selenium.chrome.ChromeDriver.&lt;init&gt;(ChromeDriver.java:123)
	at com.inetBanking.Testcases.BaseClass.setup(BaseClass.java:49)
	at java.util.ArrayList.forEach(ArrayList.java:1257)
... Removed 29 stack frames</div></td></tr></table><p class="totop"><a href="#summary">back to summary</a></p>
<h3 id="m2">com.inetBanking.Testcases.TC001_LoginTest#teardown</h3><table class="result"><tr><th class="invisible"/></tr></table><p class="totop"><a href="#summary">back to summary</a></p>
<h3 id="m3">com.inetBanking.Testcases.TC003_AddCustomer#teardown</h3><table class="result"><tr><th class="invisible"/></tr></table><p class="totop"><a href="#summary">back to summary</a></p>
<h3 id="m4">com.inetBanking.Testcases.TC001_LoginTest#loginTest</h3><table class="result"><tr><th>Exception</th></tr><tr><td><div class="stacktrace">org.openqa.selenium.SessionNotCreatedException: session not created: This version of ChromeDriver only supports Chrome version 89
Current browser version is 91.0.4472.77 with binary path C:\Program Files\Google\Chrome\Application\chrome.exe
Build info: version: &apos;3.141.59&apos;, revision: &apos;e82be7d358&apos;, time: &apos;2018-11-14T08:17:03&apos;
System info: host: &apos;COMPAQ510&apos;, ip: &apos;192.168.43.134&apos;, os.name: &apos;Windows 7&apos;, os.arch: &apos;x86&apos;, os.version: &apos;6.1&apos;, java.version: &apos;1.8.0_211&apos;
Driver info: driver.version: ChromeDriver
remote stacktrace: Backtrace:
	Ordinal0 [0x0097E7D3+124883]
	Ordinal0 [0x0097E7B1+124849]
	GetHandleVerifier [0x00BC8688+193832]
	GetHandleVerifier [0x00BE3AC5+305509]
	GetHandleVerifier [0x00BE021B+291003]
	GetHandleVerifier [0x00BDE0AC+282444]
	GetHandleVerifier [0x00C04A90+440624]
	GetHandleVerifier [0x00C047FC+439964]
	GetHandleVerifier [0x00C0154B+426987]
	GetHandleVerifier [0x00BE4FFD+310941]
	GetHandleVerifier [0x00BE5D8E+314414]
	GetHandleVerifier [0x00BE5D19+314297]
	GetHandleVerifier [0x00CA31EC+1089676]
	GetHandleVerifier [0x00CA17C9+1082985]
	GetHandleVerifier [0x00CA13A3+1081923]
	GetHandleVerifier [0x00D9D9FD+2115741]
	Ordinal0 [0x00ACB82E+1488942]
	Ordinal0 [0x00A65A7D+1071741]
	Ordinal0 [0x00A6559B+1070491]
	Ordinal0 [0x00A654B1+1070257]
	Ordinal0 [0x00A9FF53+1310547]
	BaseThreadInitThunk [0x769D1174+18]
	RtlInitializeExceptionChain [0x777BB3F5+99]
	RtlInitializeExceptionChain [0x777BB3C8+54]

	at org.openqa.selenium.remote.W3CHandshakeResponse.lambda$errorHandler$0(W3CHandshakeResponse.java:62)
	at org.openqa.selenium.remote.HandshakeResponse.lambda$getResponseFunction$0(HandshakeResponse.java:30)
	at org.openqa.selenium.remote.ProtocolHandshake.lambda$createSession$0(ProtocolHandshake.java:126)
	at java.util.stream.ReferencePipeline$3$1.accept(ReferencePipeline.java:193)
	at java.util.Spliterators$ArraySpliterator.tryAdvance(Spliterators.java:958)
	at java.util.stream.ReferencePipeline.forEachWithCancel(ReferencePipeline.java:126)
	at java.util.stream.AbstractPipeline.copyIntoWithCancel(AbstractPipeline.java:498)
	at java.util.stream.AbstractPipeline.copyInto(AbstractPipeline.java:485)
	at java.util.stream.AbstractPipeline.wrapAndCopyInto(AbstractPipeline.java:471)
	at java.util.stream.FindOps$FindOp.evaluateSequential(FindOps.java:152)
	at java.util.stream.AbstractPipeline.evaluate(AbstractPipeline.java:234)
	at java.util.stream.ReferencePipeline.findFirst(ReferencePipeline.java:464)
	at org.openqa.selenium.remote.ProtocolHandshake.createSession(ProtocolHandshake.java:128)
	at org.openqa.selenium.remote.ProtocolHandshake.createSession(ProtocolHandshake.java:74)
	at org.openqa.selenium.remote.HttpCommandExecutor.execute(HttpCommandExecutor.java:136)
	at org.openqa.selenium.remote.service.DriverCommandExecutor.execute(DriverCommandExecutor.java:83)
	at org.openqa.selenium.remote.RemoteWebDriver.execute(RemoteWebDriver.java:552)
	at org.openqa.selenium.remote.RemoteWebDriver.startSession(RemoteWebDriver.java:213)
	at org.openqa.selenium.remote.RemoteWebDriver.&lt;init&gt;(RemoteWebDriver.java:131)
	at org.openqa.selenium.chrome.ChromeDriver.&lt;init&gt;(ChromeDriver.java:181)
	at org.openqa.selenium.chrome.ChromeDriver.&lt;init&gt;(ChromeDriver.java:168)
	at org.openqa.selenium.chrome.ChromeDriver.&lt;init&gt;(ChromeDriver.java:123)
	at com.inetBanking.Testcases.BaseClass.setup(BaseClass.java:49)
	at java.util.ArrayList.forEach(ArrayList.java:1257)
... Removed 29 stack frames</div></td></tr></table><p class="totop"><a href="#summary">back to summary</a></p>
<h3 id="m5">com.inetBanking.Testcases.TC003_AddCustomer#addNewCustomer</h3><table class="result"><tr><th>Exception</th></tr><tr><td><div class="stacktrace">org.openqa.selenium.SessionNotCreatedException: session not created: This version of ChromeDriver only supports Chrome version 89
Current browser version is 91.0.4472.77 with binary path C:\Program Files\Google\Chrome\Application\chrome.exe
Build info: version: &apos;3.141.59&apos;, revision: &apos;e82be7d358&apos;, time: &apos;2018-11-14T08:17:03&apos;
System info: host: &apos;COMPAQ510&apos;, ip: &apos;192.168.43.134&apos;, os.name: &apos;Windows 7&apos;, os.arch: &apos;x86&apos;, os.version: &apos;6.1&apos;, java.version: &apos;1.8.0_211&apos;
Driver info: driver.version: ChromeDriver
remote stacktrace: Backtrace:
	Ordinal0 [0x0097E7D3+124883]
	Ordinal0 [0x0097E7B1+124849]
	GetHandleVerifier [0x00BC8688+193832]
	GetHandleVerifier [0x00BE3AC5+305509]
	GetHandleVerifier [0x00BE021B+291003]
	GetHandleVerifier [0x00BDE0AC+282444]
	GetHandleVerifier [0x00C04A90+440624]
	GetHandleVerifier [0x00C047FC+439964]
	GetHandleVerifier [0x00C0154B+426987]
	GetHandleVerifier [0x00BE4FFD+310941]
	GetHandleVerifier [0x00BE5D8E+314414]
	GetHandleVerifier [0x00BE5D19+314297]
	GetHandleVerifier [0x00CA31EC+1089676]
	GetHandleVerifier [0x00CA17C9+1082985]
	GetHandleVerifier [0x00CA13A3+1081923]
	GetHandleVerifier [0x00D9D9FD+2115741]
	Ordinal0 [0x00ACB82E+1488942]
	Ordinal0 [0x00A65A7D+1071741]
	Ordinal0 [0x00A6559B+1070491]
	Ordinal0 [0x00A654B1+1070257]
	Ordinal0 [0x00A9FF53+1310547]
	BaseThreadInitThunk [0x769D1174+18]
	RtlInitializeExceptionChain [0x777BB3F5+99]
	RtlInitializeExceptionChain [0x777BB3C8+54]

	at org.openqa.selenium.remote.W3CHandshakeResponse.lambda$errorHandler$0(W3CHandshakeResponse.java:62)
	at org.openqa.selenium.remote.HandshakeResponse.lambda$getResponseFunction$0(HandshakeResponse.java:30)
	at org.openqa.selenium.remote.ProtocolHandshake.lambda$createSession$0(ProtocolHandshake.java:126)
	at java.util.stream.ReferencePipeline$3$1.accept(ReferencePipeline.java:193)
	at java.util.Spliterators$ArraySpliterator.tryAdvance(Spliterators.java:958)
	at java.util.stream.ReferencePipeline.forEachWithCancel(ReferencePipeline.java:126)
	at java.util.stream.AbstractPipeline.copyIntoWithCancel(AbstractPipeline.java:498)
	at java.util.stream.AbstractPipeline.copyInto(AbstractPipeline.java:485)
	at java.util.stream.AbstractPipeline.wrapAndCopyInto(AbstractPipeline.java:471)
	at java.util.stream.FindOps$FindOp.evaluateSequential(FindOps.java:152)
	at java.util.stream.AbstractPipeline.evaluate(AbstractPipeline.java:234)
	at java.util.stream.ReferencePipeline.findFirst(ReferencePipeline.java:464)
	at org.openqa.selenium.remote.ProtocolHandshake.createSession(ProtocolHandshake.java:128)
	at org.openqa.selenium.remote.ProtocolHandshake.createSession(ProtocolHandshake.java:74)
	at org.openqa.selenium.remote.HttpCommandExecutor.execute(HttpCommandExecutor.java:136)
	at org.openqa.selenium.remote.service.DriverCommandExecutor.execute(DriverCommandExecutor.java:83)
	at org.openqa.selenium.remote.RemoteWebDriver.execute(RemoteWebDriver.java:552)
	at org.openqa.selenium.remote.RemoteWebDriver.startSession(RemoteWebDriver.java:213)
	at org.openqa.selenium.remote.RemoteWebDriver.&lt;init&gt;(RemoteWebDriver.java:131)
	at org.openqa.selenium.chrome.ChromeDriver.&lt;init&gt;(ChromeDriver.java:181)
	at org.openqa.selenium.chrome.ChromeDriver.&lt;init&gt;(ChromeDriver.java:168)
	at org.openqa.selenium.chrome.ChromeDriver.&lt;init&gt;(ChromeDriver.java:123)
	at com.inetBanking.Testcases.BaseClass.setup(BaseClass.java:49)
	at java.util.ArrayList.forEach(ArrayList.java:1257)
... Removed 29 stack frames</div></td></tr></table><p class="totop"><a href="#summary">back to summary</a></p>
</body>
</html>
