<?xml version="1.0" encoding="UTF-8"?>
<testng-results skipped="2" failed="0" ignored="0" total="2" passed="0">
  <reporter-output>
  </reporter-output>
  <suite name="Suite" duration-ms="21140" started-at="2021-06-04T16:41:12 IST" finished-at="2021-06-04T16:41:33 IST">
    <groups>
    </groups>
    <test name="Test" duration-ms="21140" started-at="2021-06-04T16:41:12 IST" finished-at="2021-06-04T16:41:33 IST">
      <class name="com.inetBanking.Testcases.TC003_AddCustomer">
        <test-method status="FAIL" signature="setup(java.lang.String)[pri:0, instance:com.inetBanking.Testcases.TC003_AddCustomer@b7f003]" name="setup" is-config="true" duration-ms="9880" started-at="2021-06-04T16:41:23 IST" finished-at="2021-06-04T16:41:33 IST">
          <params>
            <param index="0">
              <value>
                <![CDATA[chrome]]>
              </value>
            </param>
          </params>
          <exception class="org.openqa.selenium.SessionNotCreatedException">
            <message>
              <![CDATA[session not created: This version of ChromeDriver only supports Chrome version 89
Current browser version is 91.0.4472.77 with binary path C:\Program Files\Google\Chrome\Application\chrome.exe
Build info: version: '3.141.59', revision: 'e82be7d358', time: '2018-11-14T08:17:03'
System info: host: 'COMPAQ510', ip: '192.168.43.134', os.name: 'Windows 7', os.arch: 'x86', os.version: '6.1', java.version: '1.8.0_211'
Driver info: driver.version: ChromeDriver
remote stacktrace: Backtrace:
Ordinal0 [0x0097E7D3+124883]
Ordinal0 [0x0097E7B1+124849]
GetHandleVerifier [0x00BC8688+193832]
GetHandleVerifier [0x00BE3AC5+305509]
GetHandleVerifier [0x00BE021B+291003]
GetHandleVerifier [0x00BDE0AC+282444]
GetHandleVerifier [0x00C04A90+440624]
GetHandleVerifier [0x00C047FC+439964]
GetHandleVerifier [0x00C0154B+426987]
GetHandleVerifier [0x00BE4FFD+310941]
GetHandleVerifier [0x00BE5D8E+314414]
GetHandleVerifier [0x00BE5D19+314297]
GetHandleVerifier [0x00CA31EC+1089676]
GetHandleVerifier [0x00CA17C9+1082985]
GetHandleVerifier [0x00CA13A3+1081923]
GetHandleVerifier [0x00D9D9FD+2115741]
Ordinal0 [0x00ACB82E+1488942]
Ordinal0 [0x00A65A7D+1071741]
Ordinal0 [0x00A6559B+1070491]
Ordinal0 [0x00A654B1+1070257]
Ordinal0 [0x00A9FF53+1310547]
BaseThreadInitThunk [0x769D1174+18]
RtlInitializeExceptionChain [0x777BB3F5+99]
RtlInitializeExceptionChain [0x777BB3C8+54]
]]>
            </message>
            <full-stacktrace>
              <![CDATA[org.openqa.selenium.SessionNotCreatedException: session not created: This version of ChromeDriver only supports Chrome version 89
Current browser version is 91.0.4472.77 with binary path C:\Program Files\Google\Chrome\Application\chrome.exe
Build info: version: '3.141.59', revision: 'e82be7d358', time: '2018-11-14T08:17:03'
System info: host: 'COMPAQ510', ip: '192.168.43.134', os.name: 'Windows 7', os.arch: 'x86', os.version: '6.1', java.version: '1.8.0_211'
Driver info: driver.version: ChromeDriver
remote stacktrace: Backtrace:
Ordinal0 [0x0097E7D3+124883]
Ordinal0 [0x0097E7B1+124849]
GetHandleVerifier [0x00BC8688+193832]
GetHandleVerifier [0x00BE3AC5+305509]
GetHandleVerifier [0x00BE021B+291003]
GetHandleVerifier [0x00BDE0AC+282444]
GetHandleVerifier [0x00C04A90+440624]
GetHandleVerifier [0x00C047FC+439964]
GetHandleVerifier [0x00C0154B+426987]
GetHandleVerifier [0x00BE4FFD+310941]
GetHandleVerifier [0x00BE5D8E+314414]
GetHandleVerifier [0x00BE5D19+314297]
GetHandleVerifier [0x00CA31EC+1089676]
GetHandleVerifier [0x00CA17C9+1082985]
GetHandleVerifier [0x00CA13A3+1081923]
GetHandleVerifier [0x00D9D9FD+2115741]
Ordinal0 [0x00ACB82E+1488942]
Ordinal0 [0x00A65A7D+1071741]
Ordinal0 [0x00A6559B+1070491]
Ordinal0 [0x00A654B1+1070257]
Ordinal0 [0x00A9FF53+1310547]
BaseThreadInitThunk [0x769D1174+18]
RtlInitializeExceptionChain [0x777BB3F5+99]
RtlInitializeExceptionChain [0x777BB3C8+54]

at sun.reflect.NativeConstructorAccessorImpl.newInstance0(Native Method)
at sun.reflect.NativeConstructorAccessorImpl.newInstance(NativeConstructorAccessorImpl.java:62)
at sun.reflect.DelegatingConstructorAccessorImpl.newInstance(DelegatingConstructorAccessorImpl.java:45)
at java.lang.reflect.Constructor.newInstance(Constructor.java:423)
at org.openqa.selenium.remote.W3CHandshakeResponse.lambda$errorHandler$0(W3CHandshakeResponse.java:62)
at org.openqa.selenium.remote.HandshakeResponse.lambda$getResponseFunction$0(HandshakeResponse.java:30)
at org.openqa.selenium.remote.ProtocolHandshake.lambda$createSession$0(ProtocolHandshake.java:126)
at java.util.stream.ReferencePipeline$3$1.accept(ReferencePipeline.java:193)
at java.util.Spliterators$ArraySpliterator.tryAdvance(Spliterators.java:958)
at java.util.stream.ReferencePipeline.forEachWithCancel(ReferencePipeline.java:126)
at java.util.stream.AbstractPipeline.copyIntoWithCancel(AbstractPipeline.java:498)
at java.util.stream.AbstractPipeline.copyInto(AbstractPipeline.java:485)
at java.util.stream.AbstractPipeline.wrapAndCopyInto(AbstractPipeline.java:471)
at java.util.stream.FindOps$FindOp.evaluateSequential(FindOps.java:152)
at java.util.stream.AbstractPipeline.evaluate(AbstractPipeline.java:234)
at java.util.stream.ReferencePipeline.findFirst(ReferencePipeline.java:464)
at org.openqa.selenium.remote.ProtocolHandshake.createSession(ProtocolHandshake.java:128)
at org.openqa.selenium.remote.ProtocolHandshake.createSession(ProtocolHandshake.java:74)
at org.openqa.selenium.remote.HttpCommandExecutor.execute(HttpCommandExecutor.java:136)
at org.openqa.selenium.remote.service.DriverCommandExecutor.execute(DriverCommandExecutor.java:83)
at org.openqa.selenium.remote.RemoteWebDriver.execute(RemoteWebDriver.java:552)
at org.openqa.selenium.remote.RemoteWebDriver.startSession(RemoteWebDriver.java:213)
at org.openqa.selenium.remote.RemoteWebDriver.<init>(RemoteWebDriver.java:131)
at org.openqa.selenium.chrome.ChromeDriver.<init>(ChromeDriver.java:181)
at org.openqa.selenium.chrome.ChromeDriver.<init>(ChromeDriver.java:168)
at org.openqa.selenium.chrome.ChromeDriver.<init>(ChromeDriver.java:123)
at com.inetBanking.Testcases.BaseClass.setup(BaseClass.java:49)
at sun.reflect.NativeMethodAccessorImpl.invoke0(Native Method)
at sun.reflect.NativeMethodAccessorImpl.invoke(NativeMethodAccessorImpl.java:62)
at sun.reflect.DelegatingMethodAccessorImpl.invoke(DelegatingMethodAccessorImpl.java:43)
at java.lang.reflect.Method.invoke(Method.java:498)
at org.testng.internal.MethodInvocationHelper.invokeMethod(MethodInvocationHelper.java:132)
at org.testng.internal.MethodInvocationHelper.invokeMethodConsideringTimeout(MethodInvocationHelper.java:61)
at org.testng.internal.ConfigInvoker.invokeConfigurationMethod(ConfigInvoker.java:366)
at org.testng.internal.ConfigInvoker.invokeConfigurations(ConfigInvoker.java:320)
at org.testng.internal.TestMethodWorker.invokeBeforeClassMethods(TestMethodWorker.java:176)
at org.testng.internal.TestMethodWorker.run(TestMethodWorker.java:122)
at java.util.ArrayList.forEach(ArrayList.java:1257)
at org.testng.TestRunner.privateRun(TestRunner.java:764)
at org.testng.TestRunner.run(TestRunner.java:585)
at org.testng.SuiteRunner.runTest(SuiteRunner.java:384)
at org.testng.SuiteRunner.runSequentially(SuiteRunner.java:378)
at org.testng.SuiteRunner.privateRun(SuiteRunner.java:337)
at org.testng.SuiteRunner.run(SuiteRunner.java:286)
at org.testng.SuiteRunnerWorker.runSuite(SuiteRunnerWorker.java:53)
at org.testng.SuiteRunnerWorker.run(SuiteRunnerWorker.java:96)
at org.testng.TestNG.runSuitesSequentially(TestNG.java:1218)
at org.testng.TestNG.runSuitesLocally(TestNG.java:1140)
at org.testng.TestNG.runSuites(TestNG.java:1069)
at org.testng.TestNG.run(TestNG.java:1037)
at org.testng.remote.AbstractRemoteTestNG.run(AbstractRemoteTestNG.java:115)
at org.testng.remote.RemoteTestNG.initAndRun(RemoteTestNG.java:251)
at org.testng.remote.RemoteTestNG.main(RemoteTestNG.java:77)
]]>
            </full-stacktrace>
          </exception> <!-- org.openqa.selenium.SessionNotCreatedException -->
          <reporter-output>
          </reporter-output>
        </test-method> <!-- setup -->
        <test-method status="SKIP" signature="teardown()[pri:0, instance:com.inetBanking.Testcases.TC003_AddCustomer@b7f003]" name="teardown" is-config="true" duration-ms="-1622805093823" started-at="2021-06-04T16:41:33 IST" finished-at="1970-01-01T05:30:00 IST">
          <reporter-output>
          </reporter-output>
        </test-method> <!-- teardown -->
        <test-method status="SKIP" signature="addNewCustomer()[pri:0, instance:com.inetBanking.Testcases.TC003_AddCustomer@b7f003]" name="addNewCustomer" duration-ms="0" started-at="2021-06-04T16:41:33 IST" finished-at="2021-06-04T16:41:33 IST">
          <exception class="org.openqa.selenium.SessionNotCreatedException">
            <message>
              <![CDATA[session not created: This version of ChromeDriver only supports Chrome version 89
Current browser version is 91.0.4472.77 with binary path C:\Program Files\Google\Chrome\Application\chrome.exe
Build info: version: '3.141.59', revision: 'e82be7d358', time: '2018-11-14T08:17:03'
System info: host: 'COMPAQ510', ip: '192.168.43.134', os.name: 'Windows 7', os.arch: 'x86', os.version: '6.1', java.version: '1.8.0_211'
Driver info: driver.version: ChromeDriver
remote stacktrace: Backtrace:
Ordinal0 [0x0097E7D3+124883]
Ordinal0 [0x0097E7B1+124849]
GetHandleVerifier [0x00BC8688+193832]
GetHandleVerifier [0x00BE3AC5+305509]
GetHandleVerifier [0x00BE021B+291003]
GetHandleVerifier [0x00BDE0AC+282444]
GetHandleVerifier [0x00C04A90+440624]
GetHandleVerifier [0x00C047FC+439964]
GetHandleVerifier [0x00C0154B+426987]
GetHandleVerifier [0x00BE4FFD+310941]
GetHandleVerifier [0x00BE5D8E+314414]
GetHandleVerifier [0x00BE5D19+314297]
GetHandleVerifier [0x00CA31EC+1089676]
GetHandleVerifier [0x00CA17C9+1082985]
GetHandleVerifier [0x00CA13A3+1081923]
GetHandleVerifier [0x00D9D9FD+2115741]
Ordinal0 [0x00ACB82E+1488942]
Ordinal0 [0x00A65A7D+1071741]
Ordinal0 [0x00A6559B+1070491]
Ordinal0 [0x00A654B1+1070257]
Ordinal0 [0x00A9FF53+1310547]
BaseThreadInitThunk [0x769D1174+18]
RtlInitializeExceptionChain [0x777BB3F5+99]
RtlInitializeExceptionChain [0x777BB3C8+54]
]]>
            </message>
            <full-stacktrace>
              <![CDATA[org.openqa.selenium.SessionNotCreatedException: session not created: This version of ChromeDriver only supports Chrome version 89
Current browser version is 91.0.4472.77 with binary path C:\Program Files\Google\Chrome\Application\chrome.exe
Build info: version: '3.141.59', revision: 'e82be7d358', time: '2018-11-14T08:17:03'
System info: host: 'COMPAQ510', ip: '192.168.43.134', os.name: 'Windows 7', os.arch: 'x86', os.version: '6.1', java.version: '1.8.0_211'
Driver info: driver.version: ChromeDriver
remote stacktrace: Backtrace:
Ordinal0 [0x0097E7D3+124883]
Ordinal0 [0x0097E7B1+124849]
GetHandleVerifier [0x00BC8688+193832]
GetHandleVerifier [0x00BE3AC5+305509]
GetHandleVerifier [0x00BE021B+291003]
GetHandleVerifier [0x00BDE0AC+282444]
GetHandleVerifier [0x00C04A90+440624]
GetHandleVerifier [0x00C047FC+439964]
GetHandleVerifier [0x00C0154B+426987]
GetHandleVerifier [0x00BE4FFD+310941]
GetHandleVerifier [0x00BE5D8E+314414]
GetHandleVerifier [0x00BE5D19+314297]
GetHandleVerifier [0x00CA31EC+1089676]
GetHandleVerifier [0x00CA17C9+1082985]
GetHandleVerifier [0x00CA13A3+1081923]
GetHandleVerifier [0x00D9D9FD+2115741]
Ordinal0 [0x00ACB82E+1488942]
Ordinal0 [0x00A65A7D+1071741]
Ordinal0 [0x00A6559B+1070491]
Ordinal0 [0x00A654B1+1070257]
Ordinal0 [0x00A9FF53+1310547]
BaseThreadInitThunk [0x769D1174+18]
RtlInitializeExceptionChain [0x777BB3F5+99]
RtlInitializeExceptionChain [0x777BB3C8+54]

at sun.reflect.NativeConstructorAccessorImpl.newInstance0(Native Method)
at sun.reflect.NativeConstructorAccessorImpl.newInstance(NativeConstructorAccessorImpl.java:62)
at sun.reflect.DelegatingConstructorAccessorImpl.newInstance(DelegatingConstructorAccessorImpl.java:45)
at java.lang.reflect.Constructor.newInstance(Constructor.java:423)
at org.openqa.selenium.remote.W3CHandshakeResponse.lambda$errorHandler$0(W3CHandshakeResponse.java:62)
at org.openqa.selenium.remote.HandshakeResponse.lambda$getResponseFunction$0(HandshakeResponse.java:30)
at org.openqa.selenium.remote.ProtocolHandshake.lambda$createSession$0(ProtocolHandshake.java:126)
at java.util.stream.ReferencePipeline$3$1.accept(ReferencePipeline.java:193)
at java.util.Spliterators$ArraySpliterator.tryAdvance(Spliterators.java:958)
at java.util.stream.ReferencePipeline.forEachWithCancel(ReferencePipeline.java:126)
at java.util.stream.AbstractPipeline.copyIntoWithCancel(AbstractPipeline.java:498)
at java.util.stream.AbstractPipeline.copyInto(AbstractPipeline.java:485)
at java.util.stream.AbstractPipeline.wrapAndCopyInto(AbstractPipeline.java:471)
at java.util.stream.FindOps$FindOp.evaluateSequential(FindOps.java:152)
at java.util.stream.AbstractPipeline.evaluate(AbstractPipeline.java:234)
at java.util.stream.ReferencePipeline.findFirst(ReferencePipeline.java:464)
at org.openqa.selenium.remote.ProtocolHandshake.createSession(ProtocolHandshake.java:128)
at org.openqa.selenium.remote.ProtocolHandshake.createSession(ProtocolHandshake.java:74)
at org.openqa.selenium.remote.HttpCommandExecutor.execute(HttpCommandExecutor.java:136)
at org.openqa.selenium.remote.service.DriverCommandExecutor.execute(DriverCommandExecutor.java:83)
at org.openqa.selenium.remote.RemoteWebDriver.execute(RemoteWebDriver.java:552)
at org.openqa.selenium.remote.RemoteWebDriver.startSession(RemoteWebDriver.java:213)
at org.openqa.selenium.remote.RemoteWebDriver.<init>(RemoteWebDriver.java:131)
at org.openqa.selenium.chrome.ChromeDriver.<init>(ChromeDriver.java:181)
at org.openqa.selenium.chrome.ChromeDriver.<init>(ChromeDriver.java:168)
at org.openqa.selenium.chrome.ChromeDriver.<init>(ChromeDriver.java:123)
at com.inetBanking.Testcases.BaseClass.setup(BaseClass.java:49)
at sun.reflect.NativeMethodAccessorImpl.invoke0(Native Method)
at sun.reflect.NativeMethodAccessorImpl.invoke(NativeMethodAccessorImpl.java:62)
at sun.reflect.DelegatingMethodAccessorImpl.invoke(DelegatingMethodAccessorImpl.java:43)
at java.lang.reflect.Method.invoke(Method.java:498)
at org.testng.internal.MethodInvocationHelper.invokeMethod(MethodInvocationHelper.java:132)
at org.testng.internal.MethodInvocationHelper.invokeMethodConsideringTimeout(MethodInvocationHelper.java:61)
at org.testng.internal.ConfigInvoker.invokeConfigurationMethod(ConfigInvoker.java:366)
at org.testng.internal.ConfigInvoker.invokeConfigurations(ConfigInvoker.java:320)
at org.testng.internal.TestMethodWorker.invokeBeforeClassMethods(TestMethodWorker.java:176)
at org.testng.internal.TestMethodWorker.run(TestMethodWorker.java:122)
at java.util.ArrayList.forEach(ArrayList.java:1257)
at org.testng.TestRunner.privateRun(TestRunner.java:764)
at org.testng.TestRunner.run(TestRunner.java:585)
at org.testng.SuiteRunner.runTest(SuiteRunner.java:384)
at org.testng.SuiteRunner.runSequentially(SuiteRunner.java:378)
at org.testng.SuiteRunner.privateRun(SuiteRunner.java:337)
at org.testng.SuiteRunner.run(SuiteRunner.java:286)
at org.testng.SuiteRunnerWorker.runSuite(SuiteRunnerWorker.java:53)
at org.testng.SuiteRunnerWorker.run(SuiteRunnerWorker.java:96)
at org.testng.TestNG.runSuitesSequentially(TestNG.java:1218)
at org.testng.TestNG.runSuitesLocally(TestNG.java:1140)
at org.testng.TestNG.runSuites(TestNG.java:1069)
at org.testng.TestNG.run(TestNG.java:1037)
at org.testng.remote.AbstractRemoteTestNG.run(AbstractRemoteTestNG.java:115)
at org.testng.remote.RemoteTestNG.initAndRun(RemoteTestNG.java:251)
at org.testng.remote.RemoteTestNG.main(RemoteTestNG.java:77)
]]>
            </full-stacktrace>
          </exception> <!-- org.openqa.selenium.SessionNotCreatedException -->
          <reporter-output>
          </reporter-output>
        </test-method> <!-- addNewCustomer -->
      </class> <!-- com.inetBanking.Testcases.TC003_AddCustomer -->
      <class name="com.inetBanking.Testcases.TC001_LoginTest">
        <test-method status="FAIL" signature="setup(java.lang.String)[pri:0, instance:com.inetBanking.Testcases.TC001_LoginTest@7f383f]" name="setup" is-config="true" duration-ms="10495" started-at="2021-06-04T16:41:13 IST" finished-at="2021-06-04T16:41:23 IST">
          <params>
            <param index="0">
              <value>
                <![CDATA[chrome]]>
              </value>
            </param>
          </params>
          <exception class="org.openqa.selenium.SessionNotCreatedException">
            <message>
              <![CDATA[session not created: This version of ChromeDriver only supports Chrome version 89
Current browser version is 91.0.4472.77 with binary path C:\Program Files\Google\Chrome\Application\chrome.exe
Build info: version: '3.141.59', revision: 'e82be7d358', time: '2018-11-14T08:17:03'
System info: host: 'COMPAQ510', ip: '192.168.43.134', os.name: 'Windows 7', os.arch: 'x86', os.version: '6.1', java.version: '1.8.0_211'
Driver info: driver.version: ChromeDriver
remote stacktrace: Backtrace:
Ordinal0 [0x0097E7D3+124883]
Ordinal0 [0x0097E7B1+124849]
GetHandleVerifier [0x00BC8688+193832]
GetHandleVerifier [0x00BE3AC5+305509]
GetHandleVerifier [0x00BE021B+291003]
GetHandleVerifier [0x00BDE0AC+282444]
GetHandleVerifier [0x00C04A90+440624]
GetHandleVerifier [0x00C047FC+439964]
GetHandleVerifier [0x00C0154B+426987]
GetHandleVerifier [0x00BE4FFD+310941]
GetHandleVerifier [0x00BE5D8E+314414]
GetHandleVerifier [0x00BE5D19+314297]
GetHandleVerifier [0x00CA31EC+1089676]
GetHandleVerifier [0x00CA17C9+1082985]
GetHandleVerifier [0x00CA13A3+1081923]
GetHandleVerifier [0x00D9D9FD+2115741]
Ordinal0 [0x00ACB82E+1488942]
Ordinal0 [0x00A65A7D+1071741]
Ordinal0 [0x00A6559B+1070491]
Ordinal0 [0x00A654B1+1070257]
Ordinal0 [0x00A9FF53+1310547]
BaseThreadInitThunk [0x769D1174+18]
RtlInitializeExceptionChain [0x777BB3F5+99]
RtlInitializeExceptionChain [0x777BB3C8+54]
]]>
            </message>
            <full-stacktrace>
              <![CDATA[org.openqa.selenium.SessionNotCreatedException: session not created: This version of ChromeDriver only supports Chrome version 89
Current browser version is 91.0.4472.77 with binary path C:\Program Files\Google\Chrome\Application\chrome.exe
Build info: version: '3.141.59', revision: 'e82be7d358', time: '2018-11-14T08:17:03'
System info: host: 'COMPAQ510', ip: '192.168.43.134', os.name: 'Windows 7', os.arch: 'x86', os.version: '6.1', java.version: '1.8.0_211'
Driver info: driver.version: ChromeDriver
remote stacktrace: Backtrace:
Ordinal0 [0x0097E7D3+124883]
Ordinal0 [0x0097E7B1+124849]
GetHandleVerifier [0x00BC8688+193832]
GetHandleVerifier [0x00BE3AC5+305509]
GetHandleVerifier [0x00BE021B+291003]
GetHandleVerifier [0x00BDE0AC+282444]
GetHandleVerifier [0x00C04A90+440624]
GetHandleVerifier [0x00C047FC+439964]
GetHandleVerifier [0x00C0154B+426987]
GetHandleVerifier [0x00BE4FFD+310941]
GetHandleVerifier [0x00BE5D8E+314414]
GetHandleVerifier [0x00BE5D19+314297]
GetHandleVerifier [0x00CA31EC+1089676]
GetHandleVerifier [0x00CA17C9+1082985]
GetHandleVerifier [0x00CA13A3+1081923]
GetHandleVerifier [0x00D9D9FD+2115741]
Ordinal0 [0x00ACB82E+1488942]
Ordinal0 [0x00A65A7D+1071741]
Ordinal0 [0x00A6559B+1070491]
Ordinal0 [0x00A654B1+1070257]
Ordinal0 [0x00A9FF53+1310547]
BaseThreadInitThunk [0x769D1174+18]
RtlInitializeExceptionChain [0x777BB3F5+99]
RtlInitializeExceptionChain [0x777BB3C8+54]

at sun.reflect.NativeConstructorAccessorImpl.newInstance0(Native Method)
at sun.reflect.NativeConstructorAccessorImpl.newInstance(NativeConstructorAccessorImpl.java:62)
at sun.reflect.DelegatingConstructorAccessorImpl.newInstance(DelegatingConstructorAccessorImpl.java:45)
at java.lang.reflect.Constructor.newInstance(Constructor.java:423)
at org.openqa.selenium.remote.W3CHandshakeResponse.lambda$errorHandler$0(W3CHandshakeResponse.java:62)
at org.openqa.selenium.remote.HandshakeResponse.lambda$getResponseFunction$0(HandshakeResponse.java:30)
at org.openqa.selenium.remote.ProtocolHandshake.lambda$createSession$0(ProtocolHandshake.java:126)
at java.util.stream.ReferencePipeline$3$1.accept(ReferencePipeline.java:193)
at java.util.Spliterators$ArraySpliterator.tryAdvance(Spliterators.java:958)
at java.util.stream.ReferencePipeline.forEachWithCancel(ReferencePipeline.java:126)
at java.util.stream.AbstractPipeline.copyIntoWithCancel(AbstractPipeline.java:498)
at java.util.stream.AbstractPipeline.copyInto(AbstractPipeline.java:485)
at java.util.stream.AbstractPipeline.wrapAndCopyInto(AbstractPipeline.java:471)
at java.util.stream.FindOps$FindOp.evaluateSequential(FindOps.java:152)
at java.util.stream.AbstractPipeline.evaluate(AbstractPipeline.java:234)
at java.util.stream.ReferencePipeline.findFirst(ReferencePipeline.java:464)
at org.openqa.selenium.remote.ProtocolHandshake.createSession(ProtocolHandshake.java:128)
at org.openqa.selenium.remote.ProtocolHandshake.createSession(ProtocolHandshake.java:74)
at org.openqa.selenium.remote.HttpCommandExecutor.execute(HttpCommandExecutor.java:136)
at org.openqa.selenium.remote.service.DriverCommandExecutor.execute(DriverCommandExecutor.java:83)
at org.openqa.selenium.remote.RemoteWebDriver.execute(RemoteWebDriver.java:552)
at org.openqa.selenium.remote.RemoteWebDriver.startSession(RemoteWebDriver.java:213)
at org.openqa.selenium.remote.RemoteWebDriver.<init>(RemoteWebDriver.java:131)
at org.openqa.selenium.chrome.ChromeDriver.<init>(ChromeDriver.java:181)
at org.openqa.selenium.chrome.ChromeDriver.<init>(ChromeDriver.java:168)
at org.openqa.selenium.chrome.ChromeDriver.<init>(ChromeDriver.java:123)
at com.inetBanking.Testcases.BaseClass.setup(BaseClass.java:49)
at sun.reflect.NativeMethodAccessorImpl.invoke0(Native Method)
at sun.reflect.NativeMethodAccessorImpl.invoke(NativeMethodAccessorImpl.java:62)
at sun.reflect.DelegatingMethodAccessorImpl.invoke(DelegatingMethodAccessorImpl.java:43)
at java.lang.reflect.Method.invoke(Method.java:498)
at org.testng.internal.MethodInvocationHelper.invokeMethod(MethodInvocationHelper.java:132)
at org.testng.internal.MethodInvocationHelper.invokeMethodConsideringTimeout(MethodInvocationHelper.java:61)
at org.testng.internal.ConfigInvoker.invokeConfigurationMethod(ConfigInvoker.java:366)
at org.testng.internal.ConfigInvoker.invokeConfigurations(ConfigInvoker.java:320)
at org.testng.internal.TestMethodWorker.invokeBeforeClassMethods(TestMethodWorker.java:176)
at org.testng.internal.TestMethodWorker.run(TestMethodWorker.java:122)
at java.util.ArrayList.forEach(ArrayList.java:1257)
at org.testng.TestRunner.privateRun(TestRunner.java:764)
at org.testng.TestRunner.run(TestRunner.java:585)
at org.testng.SuiteRunner.runTest(SuiteRunner.java:384)
at org.testng.SuiteRunner.runSequentially(SuiteRunner.java:378)
at org.testng.SuiteRunner.privateRun(SuiteRunner.java:337)
at org.testng.SuiteRunner.run(SuiteRunner.java:286)
at org.testng.SuiteRunnerWorker.runSuite(SuiteRunnerWorker.java:53)
at org.testng.SuiteRunnerWorker.run(SuiteRunnerWorker.java:96)
at org.testng.TestNG.runSuitesSequentially(TestNG.java:1218)
at org.testng.TestNG.runSuitesLocally(TestNG.java:1140)
at org.testng.TestNG.runSuites(TestNG.java:1069)
at org.testng.TestNG.run(TestNG.java:1037)
at org.testng.remote.AbstractRemoteTestNG.run(AbstractRemoteTestNG.java:115)
at org.testng.remote.RemoteTestNG.initAndRun(RemoteTestNG.java:251)
at org.testng.remote.RemoteTestNG.main(RemoteTestNG.java:77)
]]>
            </full-stacktrace>
          </exception> <!-- org.openqa.selenium.SessionNotCreatedException -->
          <reporter-output>
          </reporter-output>
        </test-method> <!-- setup -->
        <test-method status="SKIP" signature="loginTest()[pri:0, instance:com.inetBanking.Testcases.TC001_LoginTest@7f383f]" name="loginTest" duration-ms="0" started-at="2021-06-04T16:41:23 IST" finished-at="2021-06-04T16:41:23 IST">
          <exception class="org.openqa.selenium.SessionNotCreatedException">
            <message>
              <![CDATA[session not created: This version of ChromeDriver only supports Chrome version 89
Current browser version is 91.0.4472.77 with binary path C:\Program Files\Google\Chrome\Application\chrome.exe
Build info: version: '3.141.59', revision: 'e82be7d358', time: '2018-11-14T08:17:03'
System info: host: 'COMPAQ510', ip: '192.168.43.134', os.name: 'Windows 7', os.arch: 'x86', os.version: '6.1', java.version: '1.8.0_211'
Driver info: driver.version: ChromeDriver
remote stacktrace: Backtrace:
Ordinal0 [0x0097E7D3+124883]
Ordinal0 [0x0097E7B1+124849]
GetHandleVerifier [0x00BC8688+193832]
GetHandleVerifier [0x00BE3AC5+305509]
GetHandleVerifier [0x00BE021B+291003]
GetHandleVerifier [0x00BDE0AC+282444]
GetHandleVerifier [0x00C04A90+440624]
GetHandleVerifier [0x00C047FC+439964]
GetHandleVerifier [0x00C0154B+426987]
GetHandleVerifier [0x00BE4FFD+310941]
GetHandleVerifier [0x00BE5D8E+314414]
GetHandleVerifier [0x00BE5D19+314297]
GetHandleVerifier [0x00CA31EC+1089676]
GetHandleVerifier [0x00CA17C9+1082985]
GetHandleVerifier [0x00CA13A3+1081923]
GetHandleVerifier [0x00D9D9FD+2115741]
Ordinal0 [0x00ACB82E+1488942]
Ordinal0 [0x00A65A7D+1071741]
Ordinal0 [0x00A6559B+1070491]
Ordinal0 [0x00A654B1+1070257]
Ordinal0 [0x00A9FF53+1310547]
BaseThreadInitThunk [0x769D1174+18]
RtlInitializeExceptionChain [0x777BB3F5+99]
RtlInitializeExceptionChain [0x777BB3C8+54]
]]>
            </message>
            <full-stacktrace>
              <![CDATA[org.openqa.selenium.SessionNotCreatedException: session not created: This version of ChromeDriver only supports Chrome version 89
Current browser version is 91.0.4472.77 with binary path C:\Program Files\Google\Chrome\Application\chrome.exe
Build info: version: '3.141.59', revision: 'e82be7d358', time: '2018-11-14T08:17:03'
System info: host: 'COMPAQ510', ip: '192.168.43.134', os.name: 'Windows 7', os.arch: 'x86', os.version: '6.1', java.version: '1.8.0_211'
Driver info: driver.version: ChromeDriver
remote stacktrace: Backtrace:
Ordinal0 [0x0097E7D3+124883]
Ordinal0 [0x0097E7B1+124849]
GetHandleVerifier [0x00BC8688+193832]
GetHandleVerifier [0x00BE3AC5+305509]
GetHandleVerifier [0x00BE021B+291003]
GetHandleVerifier [0x00BDE0AC+282444]
GetHandleVerifier [0x00C04A90+440624]
GetHandleVerifier [0x00C047FC+439964]
GetHandleVerifier [0x00C0154B+426987]
GetHandleVerifier [0x00BE4FFD+310941]
GetHandleVerifier [0x00BE5D8E+314414]
GetHandleVerifier [0x00BE5D19+314297]
GetHandleVerifier [0x00CA31EC+1089676]
GetHandleVerifier [0x00CA17C9+1082985]
GetHandleVerifier [0x00CA13A3+1081923]
GetHandleVerifier [0x00D9D9FD+2115741]
Ordinal0 [0x00ACB82E+1488942]
Ordinal0 [0x00A65A7D+1071741]
Ordinal0 [0x00A6559B+1070491]
Ordinal0 [0x00A654B1+1070257]
Ordinal0 [0x00A9FF53+1310547]
BaseThreadInitThunk [0x769D1174+18]
RtlInitializeExceptionChain [0x777BB3F5+99]
RtlInitializeExceptionChain [0x777BB3C8+54]

at sun.reflect.NativeConstructorAccessorImpl.newInstance0(Native Method)
at sun.reflect.NativeConstructorAccessorImpl.newInstance(NativeConstructorAccessorImpl.java:62)
at sun.reflect.DelegatingConstructorAccessorImpl.newInstance(DelegatingConstructorAccessorImpl.java:45)
at java.lang.reflect.Constructor.newInstance(Constructor.java:423)
at org.openqa.selenium.remote.W3CHandshakeResponse.lambda$errorHandler$0(W3CHandshakeResponse.java:62)
at org.openqa.selenium.remote.HandshakeResponse.lambda$getResponseFunction$0(HandshakeResponse.java:30)
at org.openqa.selenium.remote.ProtocolHandshake.lambda$createSession$0(ProtocolHandshake.java:126)
at java.util.stream.ReferencePipeline$3$1.accept(ReferencePipeline.java:193)
at java.util.Spliterators$ArraySpliterator.tryAdvance(Spliterators.java:958)
at java.util.stream.ReferencePipeline.forEachWithCancel(ReferencePipeline.java:126)
at java.util.stream.AbstractPipeline.copyIntoWithCancel(AbstractPipeline.java:498)
at java.util.stream.AbstractPipeline.copyInto(AbstractPipeline.java:485)
at java.util.stream.AbstractPipeline.wrapAndCopyInto(AbstractPipeline.java:471)
at java.util.stream.FindOps$FindOp.evaluateSequential(FindOps.java:152)
at java.util.stream.AbstractPipeline.evaluate(AbstractPipeline.java:234)
at java.util.stream.ReferencePipeline.findFirst(ReferencePipeline.java:464)
at org.openqa.selenium.remote.ProtocolHandshake.createSession(ProtocolHandshake.java:128)
at org.openqa.selenium.remote.ProtocolHandshake.createSession(ProtocolHandshake.java:74)
at org.openqa.selenium.remote.HttpCommandExecutor.execute(HttpCommandExecutor.java:136)
at org.openqa.selenium.remote.service.DriverCommandExecutor.execute(DriverCommandExecutor.java:83)
at org.openqa.selenium.remote.RemoteWebDriver.execute(RemoteWebDriver.java:552)
at org.openqa.selenium.remote.RemoteWebDriver.startSession(RemoteWebDriver.java:213)
at org.openqa.selenium.remote.RemoteWebDriver.<init>(RemoteWebDriver.java:131)
at org.openqa.selenium.chrome.ChromeDriver.<init>(ChromeDriver.java:181)
at org.openqa.selenium.chrome.ChromeDriver.<init>(ChromeDriver.java:168)
at org.openqa.selenium.chrome.ChromeDriver.<init>(ChromeDriver.java:123)
at com.inetBanking.Testcases.BaseClass.setup(BaseClass.java:49)
at sun.reflect.NativeMethodAccessorImpl.invoke0(Native Method)
at sun.reflect.NativeMethodAccessorImpl.invoke(NativeMethodAccessorImpl.java:62)
at sun.reflect.DelegatingMethodAccessorImpl.invoke(DelegatingMethodAccessorImpl.java:43)
at java.lang.reflect.Method.invoke(Method.java:498)
at org.testng.internal.MethodInvocationHelper.invokeMethod(MethodInvocationHelper.java:132)
at org.testng.internal.MethodInvocationHelper.invokeMethodConsideringTimeout(MethodInvocationHelper.java:61)
at org.testng.internal.ConfigInvoker.invokeConfigurationMethod(ConfigInvoker.java:366)
at org.testng.internal.ConfigInvoker.invokeConfigurations(ConfigInvoker.java:320)
at org.testng.internal.TestMethodWorker.invokeBeforeClassMethods(TestMethodWorker.java:176)
at org.testng.internal.TestMethodWorker.run(TestMethodWorker.java:122)
at java.util.ArrayList.forEach(ArrayList.java:1257)
at org.testng.TestRunner.privateRun(TestRunner.java:764)
at org.testng.TestRunner.run(TestRunner.java:585)
at org.testng.SuiteRunner.runTest(SuiteRunner.java:384)
at org.testng.SuiteRunner.runSequentially(SuiteRunner.java:378)
at org.testng.SuiteRunner.privateRun(SuiteRunner.java:337)
at org.testng.SuiteRunner.run(SuiteRunner.java:286)
at org.testng.SuiteRunnerWorker.runSuite(SuiteRunnerWorker.java:53)
at org.testng.SuiteRunnerWorker.run(SuiteRunnerWorker.java:96)
at org.testng.TestNG.runSuitesSequentially(TestNG.java:1218)
at org.testng.TestNG.runSuitesLocally(TestNG.java:1140)
at org.testng.TestNG.runSuites(TestNG.java:1069)
at org.testng.TestNG.run(TestNG.java:1037)
at org.testng.remote.AbstractRemoteTestNG.run(AbstractRemoteTestNG.java:115)
at org.testng.remote.RemoteTestNG.initAndRun(RemoteTestNG.java:251)
at org.testng.remote.RemoteTestNG.main(RemoteTestNG.java:77)
]]>
            </full-stacktrace>
          </exception> <!-- org.openqa.selenium.SessionNotCreatedException -->
          <reporter-output>
          </reporter-output>
        </test-method> <!-- loginTest -->
        <test-method status="SKIP" signature="teardown()[pri:0, instance:com.inetBanking.Testcases.TC001_LoginTest@7f383f]" name="teardown" is-config="true" duration-ms="-1622805083927" started-at="2021-06-04T16:41:23 IST" finished-at="1970-01-01T05:30:00 IST">
          <reporter-output>
          </reporter-output>
        </test-method> <!-- teardown -->
      </class> <!-- com.inetBanking.Testcases.TC001_LoginTest -->
    </test> <!-- Test -->
  </suite> <!-- Suite -->
</testng-results>
